<?xml version="1.0" encoding="UTF-8"?>
<!-- Generated by org.testng.reporters.JUnitXMLReporter -->
<testsuite ignored="0" hostname="LAPTOP-T7Q1UKLJ" failures="2" tests="2" name="Test" time="3.063" errors="0" timestamp="2020-08-08T16:01:49 EDT">
  <testcase classname="org.iit.sandrammp.patientModuleTest.SearchSymptomsTest" name="validSearchSymptoms" time="3.015">
    <failure type="java.lang.NullPointerException">
      <![CDATA[java.lang.NullPointerException
at org.iit.sandrammp.helper.mmpHelperClass.navigateToModule(mmpHelperClass.java:30)
at org.iit.sandrammp.patientModuleTest.SearchSymptomsTest.validSearchSymptoms(SearchSymptomsTest.java:19)
at java.base/java.util.ArrayList.forEach(ArrayList.java:1510)
... Removed 27 stack frames]]>
    </failure>
  </testcase> <!-- validSearchSymptoms -->
  <testcase classname="org.iit.sandrammp.patientModuleTest.SearchSymptomsTest" name="inValidSearchSymptoms" time="0.001">
    <failure type="java.lang.NullPointerException">
      <![CDATA[java.lang.NullPointerException
at org.iit.sandrammp.patientModuleTest.SearchSymptomsTest.inValidSearchSymptoms(SearchSymptomsTest.java:45)
at java.base/java.util.ArrayList.forEach(ArrayList.java:1510)
... Removed 27 stack frames]]>
    </failure>
  </testcase> <!-- inValidSearchSymptoms -->
</testsuite> <!-- Test -->
