<?xml version="1.0" encoding="UTF-8"?>
<testng-results ignored="0" total="1" passed="1" failed="0" skipped="0">
  <reporter-output>
  </reporter-output>
  <suite started-at="2020-07-23T21:39:31 EDT" name="Default suite" finished-at="2020-07-23T21:40:08 EDT" duration-ms="37004">
    <groups>
    </groups>
    <test started-at="2020-07-23T21:39:31 EDT" name="Default test" finished-at="2020-07-23T21:40:08 EDT" duration-ms="37004">
      <class name="org.iit.mmp.patiengtmodule.tests.EditProfileTest">
        <test-method is-config="true" signature="launchdriver()[pri:0, instance:org.iit.mmp.patiengtmodule.tests.EditProfileTest@1f0f1111]" started-at="2020-07-23T21:39:31 EDT" name="launchdriver" finished-at="2020-07-23T21:39:42 EDT" duration-ms="10847" status="PASS">
          <reporter-output>
          </reporter-output>
        </test-method> <!-- launchdriver -->
        <test-method signature="editPatientDetail()[pri:1, instance:org.iit.mmp.patiengtmodule.tests.EditProfileTest@1f0f1111]" started-at="2020-07-23T21:39:42 EDT" name="editPatientDetail" finished-at="2020-07-23T21:40:02 EDT" duration-ms="20434" status="PASS">
          <reporter-output>
          </reporter-output>
        </test-method> <!-- editPatientDetail -->
        <test-method is-config="true" signature="closeBrowser()[pri:0, instance:org.iit.mmp.patiengtmodule.tests.EditProfileTest@1f0f1111]" started-at="2020-07-23T21:40:02 EDT" name="closeBrowser" finished-at="2020-07-23T21:40:08 EDT" duration-ms="5671" status="PASS">
          <reporter-output>
          </reporter-output>
        </test-method> <!-- closeBrowser -->
      </class> <!-- org.iit.mmp.patiengtmodule.tests.EditProfileTest -->
    </test> <!-- Default test -->
  </suite> <!-- Default suite -->
</testng-results>
