<?xml version="1.0" encoding="UTF-8"?>
<testng-results ignored="0" total="1" passed="0" failed="1" skipped="0">
  <reporter-output>
  </reporter-output>
  <suite started-at="2020-08-07T15:11:31 EDT" name="Default suite" finished-at="2020-08-07T15:11:45 EDT" duration-ms="13914">
    <groups>
      <group name="ADM_009">
        <method signature="CreateFeeTabTest_ADM_009.createFee(java.lang.String, java.lang.String, java.lang.String, java.lang.String)[pri:0, instance:org.iit.mmp.adminModule.Tests.CreateFeeTabTest_ADM_009@4313f5bc]" name="createFee" class="org.iit.mmp.adminModule.Tests.CreateFeeTabTest_ADM_009"/>
      </group> <!-- ADM_009 -->
      <group name="patientmodule">
        <method signature="CreateFeeTabTest_ADM_009.createFee(java.lang.String, java.lang.String, java.lang.String, java.lang.String)[pri:0, instance:org.iit.mmp.adminModule.Tests.CreateFeeTabTest_ADM_009@4313f5bc]" name="createFee" class="org.iit.mmp.adminModule.Tests.CreateFeeTabTest_ADM_009"/>
      </group> <!-- patientmodule -->
      <group name="UI">
        <method signature="CreateFeeTabTest_ADM_009.createFee(java.lang.String, java.lang.String, java.lang.String, java.lang.String)[pri:0, instance:org.iit.mmp.adminModule.Tests.CreateFeeTabTest_ADM_009@4313f5bc]" name="createFee" class="org.iit.mmp.adminModule.Tests.CreateFeeTabTest_ADM_009"/>
      </group> <!-- UI -->
      <group name="regression">
        <method signature="CreateFeeTabTest_ADM_009.createFee(java.lang.String, java.lang.String, java.lang.String, java.lang.String)[pri:0, instance:org.iit.mmp.adminModule.Tests.CreateFeeTabTest_ADM_009@4313f5bc]" name="createFee" class="org.iit.mmp.adminModule.Tests.CreateFeeTabTest_ADM_009"/>
      </group> <!-- regression -->
      <group name="sanity">
        <method signature="CreateFeeTabTest_ADM_009.createFee(java.lang.String, java.lang.String, java.lang.String, java.lang.String)[pri:0, instance:org.iit.mmp.adminModule.Tests.CreateFeeTabTest_ADM_009@4313f5bc]" name="createFee" class="org.iit.mmp.adminModule.Tests.CreateFeeTabTest_ADM_009"/>
      </group> <!-- sanity -->
    </groups>
    <test started-at="2020-08-07T15:11:31 EDT" name="Default test" finished-at="2020-08-07T15:11:45 EDT" duration-ms="13914">
      <class name="org.iit.mmp.adminModule.Tests.CreateFeeTabTest_ADM_009">
        <test-method is-config="true" signature="launchdriver()[pri:0, instance:org.iit.mmp.adminModule.Tests.CreateFeeTabTest_ADM_009@4313f5bc]" started-at="2020-08-07T15:11:31 EDT" name="launchdriver" finished-at="2020-08-07T15:11:39 EDT" duration-ms="8188" status="PASS">
          <reporter-output>
          </reporter-output>
        </test-method> <!-- launchdriver -->
        <test-method signature="createFee(java.lang.String, java.lang.String, java.lang.String, java.lang.String)[pri:0, instance:org.iit.mmp.adminModule.Tests.CreateFeeTabTest_ADM_009@4313f5bc]" started-at="2020-08-07T15:11:39 EDT" name="createFee" description="ADM_009 Creating patient fee for service" finished-at="2020-08-07T15:11:39 EDT" duration-ms="0" status="FAIL">
          <exception class="org.testng.TestNGException">
            <message>
              <![CDATA[
Parameter 'adminurl' is required by @Test on method createFee but has not been marked @Optional or defined
in C:\Users\seema\AppData\Local\Temp\testng-eclipse--1361733056\testng-customsuite.xml]]>
            </message>
            <full-stacktrace>
              <![CDATA[org.testng.TestNGException: 
Parameter 'adminurl' is required by @Test on method createFee but has not been marked @Optional or defined
in C:\Users\seema\AppData\Local\Temp\testng-eclipse--1361733056\testng-customsuite.xml
at org.testng.internal.Parameters.createParams(Parameters.java:268)
at org.testng.internal.Parameters.createParametersForMethod(Parameters.java:356)
at org.testng.internal.Parameters.createParameters(Parameters.java:700)
at org.testng.internal.Parameters.handleParameters(Parameters.java:875)
at org.testng.internal.Parameters.handleParameters(Parameters.java:740)
at org.testng.internal.ParameterHandler.handleParameters(ParameterHandler.java:59)
at org.testng.internal.ParameterHandler.createParameters(ParameterHandler.java:38)
at org.testng.internal.TestInvoker$MethodInvocationAgent.invoke(TestInvoker.java:788)
at org.testng.internal.TestInvoker.invokeTestMethods(TestInvoker.java:147)
at org.testng.internal.TestMethodWorker.invokeTestMethods(TestMethodWorker.java:146)
at org.testng.internal.TestMethodWorker.run(TestMethodWorker.java:128)
at java.base/java.util.ArrayList.forEach(ArrayList.java:1510)
at org.testng.TestRunner.privateRun(TestRunner.java:767)
at org.testng.TestRunner.run(TestRunner.java:588)
at org.testng.SuiteRunner.runTest(SuiteRunner.java:384)
at org.testng.SuiteRunner.runSequentially(SuiteRunner.java:378)
at org.testng.SuiteRunner.privateRun(SuiteRunner.java:337)
at org.testng.SuiteRunner.run(SuiteRunner.java:286)
at org.testng.SuiteRunnerWorker.runSuite(SuiteRunnerWorker.java:53)
at org.testng.SuiteRunnerWorker.run(SuiteRunnerWorker.java:96)
at org.testng.TestNG.runSuitesSequentially(TestNG.java:1214)
at org.testng.TestNG.runSuitesLocally(TestNG.java:1136)
at org.testng.TestNG.runSuites(TestNG.java:1066)
at org.testng.TestNG.run(TestNG.java:1034)
at org.testng.remote.AbstractRemoteTestNG.run(AbstractRemoteTestNG.java:115)
at org.testng.remote.RemoteTestNG.initAndRun(RemoteTestNG.java:251)
at org.testng.remote.RemoteTestNG.main(RemoteTestNG.java:77)
]]>
            </full-stacktrace>
          </exception> <!-- org.testng.TestNGException -->
          <reporter-output>
          </reporter-output>
        </test-method> <!-- createFee -->
        <test-method is-config="true" signature="closeBrowser()[pri:0, instance:org.iit.mmp.adminModule.Tests.CreateFeeTabTest_ADM_009@4313f5bc]" started-at="2020-08-07T15:11:39 EDT" name="closeBrowser" finished-at="2020-08-07T15:11:45 EDT" duration-ms="5680" status="PASS">
          <reporter-output>
          </reporter-output>
        </test-method> <!-- closeBrowser -->
      </class> <!-- org.iit.mmp.adminModule.Tests.CreateFeeTabTest_ADM_009 -->
    </test> <!-- Default test -->
  </suite> <!-- Default suite -->
</testng-results>
